<?xml version="1.0" encoding="UTF-8"?>
<testsuite name="jbot.slack.bot.LunchBotTest" time="0.758" tests="8" errors="0" skipped="0" failures="0">
  <properties>
    <property name="idea.plugins.compatible.build" value="162.9999"/>
    <property name="jna.platform.library.path" value="/usr/lib64:/lib64:/usr/lib:/lib"/>
    <property name="java.runtime.name" value="Java(TM) SE Runtime Environment"/>
    <property name="sun.boot.library.path" value="/opt/sdkman/candidates/java/8u111/jre/lib/amd64"/>
    <property name="java.vm.version" value="25.111-b14"/>
    <property name="java.vm.vendor" value="Oracle Corporation"/>
    <property name="maven.multiModuleProjectDirectory" value="/opt/projects/chechtalks/lunch-bot"/>
    <property name="java.vendor.url" value="http://java.oracle.com/"/>
    <property name="path.separator" value=":"/>
    <property name="guice.disable.misplaced.annotation.check" value="true"/>
    <property name="java.vm.name" value="Java HotSpot(TM) 64-Bit Server VM"/>
    <property name="file.encoding.pkg" value="sun.io"/>
    <property name="user.country" value="US"/>
    <property name="sun.java.launcher" value="SUN_STANDARD"/>
    <property name="sun.os.patch.level" value="unknown"/>
    <property name="java.vm.specification.name" value="Java Virtual Machine Specification"/>
    <property name="user.dir" value="/opt/projects/chechtalks/lunch-bot"/>
    <property name="java.runtime.version" value="1.8.0_111-b14"/>
    <property name="java.awt.graphicsenv" value="sun.awt.X11GraphicsEnvironment"/>
    <property name="java.endorsed.dirs" value="/opt/sdkman/candidates/java/8u111/jre/lib/endorsed"/>
    <property name="os.arch" value="amd64"/>
    <property name="java.io.tmpdir" value="/tmp"/>
    <property name="line.separator" value="&#10;"/>
    <property name="java.vm.specification.vendor" value="Oracle Corporation"/>
    <property name="os.name" value="Linux"/>
    <property name="classworlds.conf" value="/opt/sdkman/candidates/maven/current/bin/m2.conf"/>
    <property name="sun.jnu.encoding" value="UTF-8"/>
    <property name="jnidispatch.path" value="/tmp/jna--1354125297/jna5202314039224855335.tmp"/>
    <property name="java.library.path" value="/opt/idea-IU/bin:/opt/idea-IU/bin:/opt/idea-IU/bin:/opt/idea-IU/bin::/usr/java/packages/lib/amd64:/usr/lib64:/lib64:/lib:/usr/lib"/>
    <property name="java.specification.name" value="Java Platform API Specification"/>
    <property name="java.class.version" value="52.0"/>
    <property name="sun.management.compiler" value="HotSpot 64-Bit Tiered Compilers"/>
    <property name="os.version" value="4.9.6-1-ARCH"/>
    <property name="user.home" value="/home/cperez"/>
    <property name="user.timezone" value="America/Argentina/Buenos_Aires"/>
    <property name="java.awt.printerjob" value="sun.print.PSPrinterJob"/>
    <property name="java.specification.version" value="1.8"/>
    <property name="file.encoding" value="UTF-8"/>
    <property name="user.name" value="cperez"/>
    <property name="java.class.path" value="/opt/sdkman/candidates/maven/current/boot/plexus-classworlds-2.5.2.jar"/>
    <property name="java.vm.specification.version" value="1.8"/>
    <property name="sun.arch.data.model" value="64"/>
    <property name="java.home" value="/opt/sdkman/candidates/java/8u111/jre"/>
    <property name="sun.java.command" value="org.codehaus.plexus.classworlds.launcher.Launcher clean install"/>
    <property name="java.specification.vendor" value="Oracle Corporation"/>
    <property name="user.language" value="en"/>
    <property name="awt.toolkit" value="sun.awt.X11.XToolkit"/>
    <property name="java.vm.info" value="mixed mode"/>
    <property name="java.version" value="1.8.0_111"/>
    <property name="java.ext.dirs" value="/opt/sdkman/candidates/java/8u111/jre/lib/ext:/usr/java/packages/lib/ext"/>
    <property name="securerandom.source" value="file:/dev/./urandom"/>
    <property name="sun.boot.class.path" value="/opt/sdkman/candidates/java/8u111/jre/lib/resources.jar:/opt/sdkman/candidates/java/8u111/jre/lib/rt.jar:/opt/sdkman/candidates/java/8u111/jre/lib/sunrsasign.jar:/opt/sdkman/candidates/java/8u111/jre/lib/jsse.jar:/opt/sdkman/candidates/java/8u111/jre/lib/jce.jar:/opt/sdkman/candidates/java/8u111/jre/lib/charsets.jar:/opt/sdkman/candidates/java/8u111/jre/lib/jfr.jar:/opt/sdkman/candidates/java/8u111/jre/classes"/>
    <property name="java.vendor" value="Oracle Corporation"/>
    <property name="maven.home" value="/opt/sdkman/candidates/maven/current"/>
    <property name="file.separator" value="/"/>
    <property name="java.vendor.url.bug" value="http://bugreport.sun.com/bugreport/"/>
    <property name="sun.cpu.endian" value="little"/>
    <property name="sun.io.unicode.encoding" value="UnicodeLittle"/>
    <property name="sun.cpu.isalist" value=""/>
  </properties>
  <testcase name="when_ConversationPattern_Should_StartConversation" classname="jbot.slack.bot.LunchBotTest" time="0.546"/>
  <testcase name="when_DirectMessageWithPattern_Should_InvokeOnDirectMessage" classname="jbot.slack.bot.LunchBotTest" time="0.025"/>
  <testcase name="when_DirectMessage_Should_InvokeOnDirectMessage" classname="jbot.slack.bot.LunchBotTest" time="0.01"/>
  <testcase name="when_DirectMessage_Should_InvokeOnPinAdded" classname="jbot.slack.bot.LunchBotTest" time="0.016"/>
  <testcase name="when_DirectMention_Should_InvokeOnDirectMention" classname="jbot.slack.bot.LunchBotTest" time="0.009"/>
  <testcase name="given_InConversation_when_AnswerNo_Should_StopConversation" classname="jbot.slack.bot.LunchBotTest" time="0.048"/>
  <testcase name="when_DirectMessage_Should_InvokeOnFileShared" classname="jbot.slack.bot.LunchBotTest" time="0.074"/>
  <testcase name="when_MessageWithPattern_Should_InvokeOnReceiveMessageWithPattern" classname="jbot.slack.bot.LunchBotTest" time="0.03"/>
</testsuite>